#
# There is insufficient memory for the Java Runtime Environment to continue.
# Native memory allocation (malloc) failed to allocate 2097152 bytes for AllocateHeap
# Possible reasons:
#   The system is out of physical RAM or swap space
#   The process is running with CompressedOops enabled, and the Java Heap may be blocking the growth of the native heap
# Possible solutions:
#   Reduce memory load on the system
#   Increase physical memory or swap space
#   Check if swap backing store is full
#   Decrease Java heap size (-Xmx/-Xms)
#   Decrease number of Java threads
#   Decrease Java thread stack sizes (-Xss)
#   Set larger code cache with -XX:ReservedCodeCacheSize=
#   JVM is running with Unscaled Compressed Oops mode in which the Java heap is
#     placed in the first 4GB address space. The Java Heap base address is the
#     maximum limit for the native heap growth. Please use -XX:HeapBaseMinAddress
#     to set the Java Heap base and to place the Java Heap above 4GB virtual address.
# This output file may be truncated or incomplete.
#
#  Out of Memory Error (allocation.cpp:44), pid=12904, tid=8508
#
# JRE version: OpenJDK Runtime Environment Temurin-17.0.7+7 (17.0.7+7) (build 17.0.7+7)
# Java VM: OpenJDK 64-Bit Server VM Temurin-17.0.7+7 (17.0.7+7, mixed mode, emulated-client, tiered, compressed oops, compressed class ptrs, g1 gc, windows-amd64)
# No core dump will be written. Minidumps are not enabled by default on client versions of Windows
#

---------------  S U M M A R Y ------------

Command Line: -XX:+HeapDumpOnOutOfMemoryError -Xmx1024m -Dsts.lsp.client=vscode -Dsts.log.file=/dev/null -XX:TieredStopAtLevel=1 -Xlog:jni+resolve=off -Dspring.config.location=file:c:\Users\hasee\.vscode\extensions\vmware.vscode-spring-boot-1.46.0\language-server\BOOT-INF\classes\application.properties org.springframework.ide.vscode.boot.app.BootLanguageServerBootApp

Host: Intel(R) Core(TM) i7-7600U CPU @ 2.80GHz, 4 cores, 15G,  Windows 10 , 64 bit Build 19041 (10.0.19041.2913)
Time: Fri Jun  9 19:16:41 2023 Pakistan Standard Time elapsed time: 4885.881035 seconds (0d 1h 21m 25s)

---------------  T H R E A D  ---------------

Current thread (0x0000021fe62d9520):  VMThread "VM Thread" [stack: 0x00000031a1700000,0x00000031a1800000] [id=8508]

Stack: [0x00000031a1700000,0x00000031a1800000]
Native frames: (J=compiled Java code, j=interpreted, Vv=VM code, C=native code)
V  [jvm.dll+0x67754a]
V  [jvm.dll+0x834304]
V  [jvm.dll+0x835aae]
V  [jvm.dll+0x836113]
V  [jvm.dll+0x24696f]
V  [jvm.dll+0xa681f]
V  [jvm.dll+0x2f7481]
V  [jvm.dll+0x2f30f0]
V  [jvm.dll+0x2db6c7]
V  [jvm.dll+0x31e777]
V  [jvm.dll+0x83a5bb]
V  [jvm.dll+0x83b2f4]
V  [jvm.dll+0x83b80c]
V  [jvm.dll+0x83bbe4]
V  [jvm.dll+0x83bcb0]
V  [jvm.dll+0x7e4e7a]
V  [jvm.dll+0x676395]
C  [ucrtbase.dll+0x21bb2]
C  [KERNEL32.DLL+0x17614]
C  [ntdll.dll+0x526a1]

VM_Operation (0x00000031a2afe8b0): G1CollectFull, mode: safepoint, requested by thread 0x0000021febec2530


---------------  P R O C E S S  ---------------

Threads class SMR info:
_java_thread_list=0x0000021ff4f15f40, length=24, elements={
0x0000021fe62ee730, 0x0000021fe62ef5a0, 0x0000021fe62fe760, 0x0000021fe6332410,
0x0000021fe6334ed0, 0x0000021fe6335880, 0x0000021fe6336230, 0x0000021fe635f2e0,
0x0000021fe65404b0, 0x0000021fe655f020, 0x0000021feb599720, 0x0000021febec2060,
0x0000021febec2530, 0x0000021febec2a00, 0x0000021fdbd42c30, 0x0000021feb5395e0,
0x0000021feb4d7070, 0x0000021feb787d40, 0x0000021feb7873a0, 0x0000021fec5d3d70,
0x0000021fec5d4240, 0x0000021feb7886e0, 0x0000021ff52fea70, 0x0000021ff5300280
}

Java Threads: ( => current thread )
  0x0000021fe62ee730 JavaThread "Reference Handler" daemon [_thread_blocked, id=11912, stack(0x00000031a1800000,0x00000031a1900000)]
  0x0000021fe62ef5a0 JavaThread "Finalizer" daemon [_thread_blocked, id=21336, stack(0x00000031a1900000,0x00000031a1a00000)]
  0x0000021fe62fe760 JavaThread "Signal Dispatcher" daemon [_thread_blocked, id=13492, stack(0x00000031a1a00000,0x00000031a1b00000)]
  0x0000021fe6332410 JavaThread "Attach Listener" daemon [_thread_blocked, id=19188, stack(0x00000031a1b00000,0x00000031a1c00000)]
  0x0000021fe6334ed0 JavaThread "Service Thread" daemon [_thread_blocked, id=5172, stack(0x00000031a1c00000,0x00000031a1d00000)]
  0x0000021fe6335880 JavaThread "Monitor Deflation Thread" daemon [_thread_blocked, id=2968, stack(0x00000031a1d00000,0x00000031a1e00000)]
  0x0000021fe6336230 JavaThread "C1 CompilerThread0" daemon [_thread_blocked, id=14844, stack(0x00000031a1e00000,0x00000031a1f00000)]
  0x0000021fe635f2e0 JavaThread "Sweeper thread" daemon [_thread_blocked, id=7548, stack(0x00000031a1f00000,0x00000031a2000000)]
  0x0000021fe65404b0 JavaThread "Notification Thread" daemon [_thread_blocked, id=19428, stack(0x00000031a2200000,0x00000031a2300000)]
  0x0000021fe655f020 JavaThread "Common-Cleaner" daemon [_thread_blocked, id=452, stack(0x00000031a2400000,0x00000031a2500000)]
  0x0000021feb599720 JavaThread "boundedElastic-evictor-1" daemon [_thread_blocked, id=20188, stack(0x00000031a2700000,0x00000031a2800000)]
  0x0000021febec2060 JavaThread "boundedElastic-evictor-2" daemon [_thread_blocked, id=14172, stack(0x00000031a2900000,0x00000031a2a00000)]
  0x0000021febec2530 JavaThread "pool-10-thread-1" [_thread_blocked, id=13652, stack(0x00000031a2a00000,0x00000031a2b00000)]
  0x0000021febec2a00 JavaThread "LanguageServerApp-lifecycle" [_thread_blocked, id=18228, stack(0x00000031a2b00000,0x00000031a2c00000)]
  0x0000021fdbd42c30 JavaThread "DestroyJavaVM" [_thread_blocked, id=14604, stack(0x00000031a1100000,0x00000031a1200000)]
  0x0000021feb5395e0 JavaThread "pool-11-thread-1" [_thread_in_native, id=16832, stack(0x00000031a2c00000,0x00000031a2d00000)]
  0x0000021feb4d7070 JavaThread "Simple-Language-Server main thread" daemon [_thread_blocked, id=6088, stack(0x00000031a2d00000,0x00000031a2e00000)]
  0x0000021feb787d40 JavaThread "pool-6-thread-1" [_thread_blocked, id=8160, stack(0x00000031a3100000,0x00000031a3200000)]
  0x0000021feb7873a0 JavaThread "parallel-1" daemon [_thread_blocked, id=15304, stack(0x00000031a3b00000,0x00000031a3c00000)]
  0x0000021fec5d3d70 JavaThread "pool-4-thread-1" [_thread_blocked, id=20900, stack(0x00000031a3300000,0x00000031a3400000)]
  0x0000021fec5d4240 JavaThread "parallel-2" daemon [_thread_blocked, id=6412, stack(0x00000031a3400000,0x00000031a3500000)]
  0x0000021feb7886e0 JavaThread "parallel-3" daemon [_thread_blocked, id=20952, stack(0x00000031a3800000,0x00000031a3900000)]
  0x0000021ff52fea70 JavaThread "parallel-4" daemon [_thread_blocked, id=4216, stack(0x00000031a2800000,0x00000031a2900000)]
  0x0000021ff5300280 JavaThread "Reconciler-1" daemon [_thread_blocked, id=4100, stack(0x00000031a2e00000,0x00000031a2f00000)]

Other Threads:
=>0x0000021fe62d9520 VMThread "VM Thread" [stack: 0x00000031a1700000,0x00000031a1800000] [id=8508]
  0x0000021fe6540980 WatcherThread [stack: 0x00000031a2300000,0x00000031a2400000] [id=7300]
  0x0000021fdbd7f660 GCTaskThread "GC Thread#0" [stack: 0x00000031a1200000,0x00000031a1300000] [id=14216]
  0x0000021fe63fb040 GCTaskThread "GC Thread#1" [stack: 0x00000031a2100000,0x00000031a2200000] [id=10856]
  0x0000021fe6400840 GCTaskThread "GC Thread#2" [stack: 0x00000031a2500000,0x00000031a2600000] [id=9684]
  0x0000021fe6400af0 GCTaskThread "GC Thread#3" [stack: 0x00000031a2600000,0x00000031a2700000] [id=13068]
  0x0000021fdbd885a0 ConcurrentGCThread "G1 Main Marker" [stack: 0x00000031a1300000,0x00000031a1400000] [id=10596]
  0x0000021fdbd88fb0 ConcurrentGCThread "G1 Conc#0" [stack: 0x00000031a1400000,0x00000031a1500000] [id=13168]
  0x0000021fdbe0e850 ConcurrentGCThread "G1 Refine#0" [stack: 0x00000031a1500000,0x00000031a1600000] [id=10152]
  0x0000021ff43b7900 ConcurrentGCThread "G1 Refine#1" [stack: 0x00000031a3d00000,0x00000031a3e00000] [id=10640]
  0x0000021fec34c0e0 ConcurrentGCThread "G1 Refine#2" [stack: 0x00000031a4000000,0x00000031a4100000] [id=4688]
  0x0000021fe6147440 ConcurrentGCThread "G1 Service" [stack: 0x00000031a1600000,0x00000031a1700000] [id=20180]

Threads with active compile tasks:

VM state: at safepoint (normal execution)

VM Mutex/Monitor currently owned by a thread:  ([mutex/lock_event])
[0x0000021fd9c06f90] Threads_lock - owner thread: 0x0000021fe62d9520
[0x0000021fd9beb920] Heap_lock - owner thread: 0x0000021febec2530

Heap address: 0x00000000c0000000, size: 1024 MB, Compressed Oops mode: 32-bit

CDS archive(s) not mapped
Compressed class space mapped at: 0x0000000100000000-0x0000000140000000, reserved size: 1073741824
Narrow klass base: 0x0000000000000000, Narrow klass shift: 3, Narrow klass range: 0x140000000

GC Precious Log:
 CPUs: 4 total, 4 available
 Memory: 16223M
 Large Page Support: Disabled
 NUMA Support: Disabled
 Compressed Oops: Enabled (32-bit)
 Heap Region Size: 1M
 Heap Min Capacity: 8M
 Heap Initial Capacity: 254M
 Heap Max Capacity: 1G
 Pre-touch: Disabled
 Parallel Workers: 4
 Concurrent Workers: 1
 Concurrent Refinement Workers: 4
 Periodic GC: Disabled

Heap:
 garbage-first heap   total 157696K, used 46578K [0x00000000c0000000, 0x0000000100000000)
  region size 1024K, 1 young (1024K), 0 survivors (0K)
 Metaspace       used 70717K, committed 71552K, reserved 1114112K
  class space    used 9704K, committed 10048K, reserved 1048576K

Heap Regions: E=young(eden), S=young(survivor), O=old, HS=humongous(starts), HC=humongous(continues), CS=collection set, F=free, OA=open archive, CA=closed archive, TAMS=top-at-mark-start (previous, next)
|   0|0x00000000c0000000, 0x00000000c00ffff8, 0x00000000c0100000| 99%| O|  |TAMS 0x00000000c00ffff8, 0x00000000c0000000| Untracked 
|   1|0x00000000c0100000, 0x00000000c0200000, 0x00000000c0200000|100%| O|  |TAMS 0x00000000c0200000, 0x00000000c0100000| Untracked 
|   2|0x00000000c0200000, 0x00000000c02fc178, 0x00000000c0300000| 98%| O|  |TAMS 0x00000000c02fc178, 0x00000000c0200000| Untracked 
|   3|0x00000000c0300000, 0x00000000c0400000, 0x00000000c0400000|100%| O|  |TAMS 0x00000000c0400000, 0x00000000c0300000| Untracked 
|   4|0x00000000c0400000, 0x00000000c04fffe8, 0x00000000c0500000| 99%| O|  |TAMS 0x00000000c04fffe8, 0x00000000c0400000| Untracked 
|   5|0x00000000c0500000, 0x00000000c05ffff0, 0x00000000c0600000| 99%| O|  |TAMS 0x00000000c05ffff0, 0x00000000c0500000| Untracked 
|   6|0x00000000c0600000, 0x00000000c06fffe0, 0x00000000c0700000| 99%| O|  |TAMS 0x00000000c06fffe0, 0x00000000c0600000| Untracked 
|   7|0x00000000c0700000, 0x00000000c07ffff0, 0x00000000c0800000| 99%| O|  |TAMS 0x00000000c07ffff0, 0x00000000c0700000| Untracked 
|   8|0x00000000c0800000, 0x00000000c0900000, 0x00000000c0900000|100%| O|  |TAMS 0x00000000c0900000, 0x00000000c0800000| Untracked 
|   9|0x00000000c0900000, 0x00000000c09ffff0, 0x00000000c0a00000| 99%| O|  |TAMS 0x00000000c09ffff0, 0x00000000c0900000| Untracked 
|  10|0x00000000c0a00000, 0x00000000c0affff0, 0x00000000c0b00000| 99%| O|  |TAMS 0x00000000c0affff0, 0x00000000c0a00000| Untracked 
|  11|0x00000000c0b00000, 0x00000000c0bfffc0, 0x00000000c0c00000| 99%| O|  |TAMS 0x00000000c0bfffc0, 0x00000000c0b00000| Untracked 
|  12|0x00000000c0c00000, 0x00000000c0cffff8, 0x00000000c0d00000| 99%| O|  |TAMS 0x00000000c0cffff8, 0x00000000c0c00000| Untracked 
|  13|0x00000000c0d00000, 0x00000000c0dffff0, 0x00000000c0e00000| 99%| O|  |TAMS 0x00000000c0dffff0, 0x00000000c0d00000| Untracked 
|  14|0x00000000c0e00000, 0x00000000c0efc060, 0x00000000c0f00000| 98%| O|  |TAMS 0x00000000c0efc060, 0x00000000c0e00000| Untracked 
|  15|0x00000000c0f00000, 0x00000000c1000000, 0x00000000c1000000|100%| O|  |TAMS 0x00000000c1000000, 0x00000000c0f00000| Untracked 
|  16|0x00000000c1000000, 0x00000000c10fffe0, 0x00000000c1100000| 99%| O|  |TAMS 0x00000000c10fffe0, 0x00000000c1000000| Untracked 
|  17|0x00000000c1100000, 0x00000000c11f8d10, 0x00000000c1200000| 97%| O|  |TAMS 0x00000000c11f8d10, 0x00000000c1100000| Untracked 
|  18|0x00000000c1200000, 0x00000000c12fffb8, 0x00000000c1300000| 99%| O|  |TAMS 0x00000000c12fffb8, 0x00000000c1200000| Untracked 
|  19|0x00000000c1300000, 0x00000000c1400000, 0x00000000c1400000|100%|HS|  |TAMS 0x00000000c1400000, 0x00000000c1300000| Untracked 
|  20|0x00000000c1400000, 0x00000000c1500000, 0x00000000c1500000|100%|HC|  |TAMS 0x00000000c1500000, 0x00000000c1400000| Untracked 
|  21|0x00000000c1500000, 0x00000000c15ffff8, 0x00000000c1600000| 99%| O|  |TAMS 0x00000000c15ffff8, 0x00000000c1500000| Untracked 
|  22|0x00000000c1600000, 0x00000000c1700000, 0x00000000c1700000|100%| O|  |TAMS 0x00000000c1700000, 0x00000000c1600000| Untracked 
|  23|0x00000000c1700000, 0x00000000c17fff08, 0x00000000c1800000| 99%| O|  |TAMS 0x00000000c17fff08, 0x00000000c1700000| Untracked 
|  24|0x00000000c1800000, 0x00000000c18fff68, 0x00000000c1900000| 99%| O|  |TAMS 0x00000000c18fff68, 0x00000000c1800000| Untracked 
|  25|0x00000000c1900000, 0x00000000c19ff858, 0x00000000c1a00000| 99%| O|  |TAMS 0x00000000c19ff858, 0x00000000c1900000| Untracked 
|  26|0x00000000c1a00000, 0x00000000c1affff8, 0x00000000c1b00000| 99%| O|  |TAMS 0x00000000c1affff8, 0x00000000c1a00000| Untracked 
|  27|0x00000000c1b00000, 0x00000000c1bffff8, 0x00000000c1c00000| 99%| O|  |TAMS 0x00000000c1bffff8, 0x00000000c1b00000| Untracked 
|  28|0x00000000c1c00000, 0x00000000c1cfa6e0, 0x00000000c1d00000| 97%| O|  |TAMS 0x00000000c1cfa6e0, 0x00000000c1c00000| Untracked 
|  29|0x00000000c1d00000, 0x00000000c1e00000, 0x00000000c1e00000|100%| O|  |TAMS 0x00000000c1e00000, 0x00000000c1d00000| Untracked 
|  30|0x00000000c1e00000, 0x00000000c1efffb8, 0x00000000c1f00000| 99%| O|  |TAMS 0x00000000c1efffb8, 0x00000000c1e00000| Untracked 
|  31|0x00000000c1f00000, 0x00000000c1ffffe8, 0x00000000c2000000| 99%| O|  |TAMS 0x00000000c1ffffe8, 0x00000000c1f00000| Untracked 
|  32|0x00000000c2000000, 0x00000000c20eaf58, 0x00000000c2100000| 91%| O|  |TAMS 0x00000000c2000000, 0x00000000c2000000| Untracked 
|  33|0x00000000c2100000, 0x00000000c21ff368, 0x00000000c2200000| 99%| O|  |TAMS 0x00000000c21ff368, 0x00000000c2100000| Untracked 
|  34|0x00000000c2200000, 0x00000000c2300000, 0x00000000c2300000|100%| O|  |TAMS 0x00000000c2300000, 0x00000000c2200000| Untracked 
|  35|0x00000000c2300000, 0x00000000c23fffe8, 0x00000000c2400000| 99%| O|  |TAMS 0x00000000c23fffe8, 0x00000000c2300000| Untracked 
|  36|0x00000000c2400000, 0x00000000c24fffb8, 0x00000000c2500000| 99%| O|  |TAMS 0x00000000c24fffb8, 0x00000000c2400000| Untracked 
|  37|0x00000000c2500000, 0x00000000c25b1980, 0x00000000c2600000| 69%| O|  |TAMS 0x00000000c2500000, 0x00000000c2500000| Untracked 
|  38|0x00000000c2600000, 0x00000000c26fedc8, 0x00000000c2700000| 99%| O|  |TAMS 0x00000000c26fedc8, 0x00000000c2600000| Untracked 
|  39|0x00000000c2700000, 0x00000000c2700088, 0x00000000c2800000|  0%| O|  |TAMS 0x00000000c2700000, 0x00000000c2700000| Untracked 
|  40|0x00000000c2800000, 0x00000000c2800000, 0x00000000c2900000|  0%| F|  |TAMS 0x00000000c2800000, 0x00000000c2800000| Untracked 
|  41|0x00000000c2900000, 0x00000000c2900000, 0x00000000c2a00000|  0%| F|  |TAMS 0x00000000c2900000, 0x00000000c2900000| Untracked 
|  42|0x00000000c2a00000, 0x00000000c2a00000, 0x00000000c2b00000|  0%| F|  |TAMS 0x00000000c2a00000, 0x00000000c2a00000| Untracked 
|  43|0x00000000c2b00000, 0x00000000c2b00000, 0x00000000c2c00000|  0%| F|  |TAMS 0x00000000c2b00000, 0x00000000c2b00000| Untracked 
|  44|0x00000000c2c00000, 0x00000000c2c00000, 0x00000000c2d00000|  0%| F|  |TAMS 0x00000000c2c00000, 0x00000000c2c00000| Untracked 
|  45|0x00000000c2d00000, 0x00000000c2d00000, 0x00000000c2e00000|  0%| F|  |TAMS 0x00000000c2d00000, 0x00000000c2d00000| Untracked 
|  46|0x00000000c2e00000, 0x00000000c2e00000, 0x00000000c2f00000|  0%| F|  |TAMS 0x00000000c2e00000, 0x00000000c2e00000| Untracked 
|  47|0x00000000c2f00000, 0x00000000c2f00000, 0x00000000c3000000|  0%| F|  |TAMS 0x00000000c2f00000, 0x00000000c2f00000| Untracked 
|  48|0x00000000c3000000, 0x00000000c30fab90, 0x00000000c3100000| 97%| O|  |TAMS 0x00000000c30fab90, 0x00000000c3000000| Untracked 
|  49|0x00000000c3100000, 0x00000000c3100000, 0x00000000c3200000|  0%| F|  |TAMS 0x00000000c3100000, 0x00000000c3100000| Untracked 
|  50|0x00000000c3200000, 0x00000000c3200000, 0x00000000c3300000|  0%| F|  |TAMS 0x00000000c3200000, 0x00000000c3200000| Untracked 
|  51|0x00000000c3300000, 0x00000000c3300000, 0x00000000c3400000|  0%| F|  |TAMS 0x00000000c3300000, 0x00000000c3300000| Untracked 
|  52|0x00000000c3400000, 0x00000000c3400000, 0x00000000c3500000|  0%| F|  |TAMS 0x00000000c3400000, 0x00000000c3400000| Untracked 
|  53|0x00000000c3500000, 0x00000000c3500000, 0x00000000c3600000|  0%| F|  |TAMS 0x00000000c3500000, 0x00000000c3500000| Untracked 
|  54|0x00000000c3600000, 0x00000000c3600000, 0x00000000c3700000|  0%| F|  |TAMS 0x00000000c3600000, 0x00000000c3600000| Untracked 
|  55|0x00000000c3700000, 0x00000000c3700000, 0x00000000c3800000|  0%| F|  |TAMS 0x00000000c3700000, 0x00000000c3700000| Untracked 
|  56|0x00000000c3800000, 0x00000000c3800000, 0x00000000c3900000|  0%| F|  |TAMS 0x00000000c3800000, 0x00000000c3800000| Untracked 
|  57|0x00000000c3900000, 0x00000000c3900000, 0x00000000c3a00000|  0%| F|  |TAMS 0x00000000c3900000, 0x00000000c3900000| Untracked 
|  58|0x00000000c3a00000, 0x00000000c3a00000, 0x00000000c3b00000|  0%| F|  |TAMS 0x00000000c3a00000, 0x00000000c3a00000| Untracked 
|  59|0x00000000c3b00000, 0x00000000c3b00000, 0x00000000c3c00000|  0%| F|  |TAMS 0x00000000c3b00000, 0x00000000c3b00000| Untracked 
|  60|0x00000000c3c00000, 0x00000000c3c00000, 0x00000000c3d00000|  0%| F|  |TAMS 0x00000000c3c00000, 0x00000000c3c00000| Untracked 
|  61|0x00000000c3d00000, 0x00000000c3d00000, 0x00000000c3e00000|  0%| F|  |TAMS 0x00000000c3d00000, 0x00000000c3d00000| Untracked 
|  62|0x00000000c3e00000, 0x00000000c3e00000, 0x00000000c3f00000|  0%| F|  |TAMS 0x00000000c3e00000, 0x00000000c3e00000| Untracked 
|  63|0x00000000c3f00000, 0x00000000c3f00000, 0x00000000c4000000|  0%| F|  |TAMS 0x00000000c3f00000, 0x00000000c3f00000| Untracked 
|  64|0x00000000c4000000, 0x00000000c4000000, 0x00000000c4100000|  0%| F|  |TAMS 0x00000000c4000000, 0x00000000c4000000| Untracked 
|  65|0x00000000c4100000, 0x00000000c4100000, 0x00000000c4200000|  0%| F|  |TAMS 0x00000000c4100000, 0x00000000c4100000| Untracked 
|  66|0x00000000c4200000, 0x00000000c4200000, 0x00000000c4300000|  0%| F|  |TAMS 0x00000000c4200000, 0x00000000c4200000| Untracked 
|  67|0x00000000c4300000, 0x00000000c4300000, 0x00000000c4400000|  0%| F|  |TAMS 0x00000000c4300000, 0x00000000c4300000| Untracked 
|  68|0x00000000c4400000, 0x00000000c4500000, 0x00000000c4500000|100%|HS|  |TAMS 0x00000000c4500000, 0x00000000c4400000| Untracked 
|  69|0x00000000c4500000, 0x00000000c4500000, 0x00000000c4600000|  0%| F|  |TAMS 0x00000000c4500000, 0x00000000c4500000| Untracked 
|  70|0x00000000c4600000, 0x00000000c4600000, 0x00000000c4700000|  0%| F|  |TAMS 0x00000000c4600000, 0x00000000c4600000| Untracked 
|  71|0x00000000c4700000, 0x00000000c4700000, 0x00000000c4800000|  0%| F|  |TAMS 0x00000000c4700000, 0x00000000c4700000| Untracked 
|  72|0x00000000c4800000, 0x00000000c4800000, 0x00000000c4900000|  0%| F|  |TAMS 0x00000000c4800000, 0x00000000c4800000| Untracked 
|  73|0x00000000c4900000, 0x00000000c49fcb50, 0x00000000c4a00000| 98%| O|  |TAMS 0x00000000c49fcb50, 0x00000000c4900000| Untracked 
|  74|0x00000000c4a00000, 0x00000000c4a00000, 0x00000000c4b00000|  0%| F|  |TAMS 0x00000000c4a00000, 0x00000000c4a00000| Untracked 
|  75|0x00000000c4b00000, 0x00000000c4b00000, 0x00000000c4c00000|  0%| F|  |TAMS 0x00000000c4b00000, 0x00000000c4b00000| Untracked 
|  76|0x00000000c4c00000, 0x00000000c4c00000, 0x00000000c4d00000|  0%| F|  |TAMS 0x00000000c4c00000, 0x00000000c4c00000| Untracked 
|  77|0x00000000c4d00000, 0x00000000c4d00000, 0x00000000c4e00000|  0%| F|  |TAMS 0x00000000c4d00000, 0x00000000c4d00000| Untracked 
|  78|0x00000000c4e00000, 0x00000000c4e00000, 0x00000000c4f00000|  0%| F|  |TAMS 0x00000000c4e00000, 0x00000000c4e00000| Untracked 
|  79|0x00000000c4f00000, 0x00000000c4f00000, 0x00000000c5000000|  0%| F|  |TAMS 0x00000000c4f00000, 0x00000000c4f00000| Untracked 
|  80|0x00000000c5000000, 0x00000000c5000000, 0x00000000c5100000|  0%| F|  |TAMS 0x00000000c5000000, 0x00000000c5000000| Untracked 
|  81|0x00000000c5100000, 0x00000000c5100000, 0x00000000c5200000|  0%| F|  |TAMS 0x00000000c5100000, 0x00000000c5100000| Untracked 
|  82|0x00000000c5200000, 0x00000000c5200000, 0x00000000c5300000|  0%| F|  |TAMS 0x00000000c5200000, 0x00000000c5200000| Untracked 
|  83|0x00000000c5300000, 0x00000000c5300000, 0x00000000c5400000|  0%| F|  |TAMS 0x00000000c5300000, 0x00000000c5300000| Untracked 
|  84|0x00000000c5400000, 0x00000000c5400000, 0x00000000c5500000|  0%| F|  |TAMS 0x00000000c5400000, 0x00000000c5400000| Untracked 
|  85|0x00000000c5500000, 0x00000000c5500000, 0x00000000c5600000|  0%| F|  |TAMS 0x00000000c5500000, 0x00000000c5500000| Untracked 
|  86|0x00000000c5600000, 0x00000000c5600000, 0x00000000c5700000|  0%| F|  |TAMS 0x00000000c5600000, 0x00000000c5600000| Untracked 
|  87|0x00000000c5700000, 0x00000000c5700000, 0x00000000c5800000|  0%| F|  |TAMS 0x00000000c5700000, 0x00000000c5700000| Untracked 
|  88|0x00000000c5800000, 0x00000000c5800000, 0x00000000c5900000|  0%| F|  |TAMS 0x00000000c5800000, 0x00000000c5800000| Untracked 
|  89|0x00000000c5900000, 0x00000000c5900000, 0x00000000c5a00000|  0%| F|  |TAMS 0x00000000c5900000, 0x00000000c5900000| Untracked 
|  90|0x00000000c5a00000, 0x00000000c5a00000, 0x00000000c5b00000|  0%| F|  |TAMS 0x00000000c5a00000, 0x00000000c5a00000| Untracked 
|  91|0x00000000c5b00000, 0x00000000c5b00000, 0x00000000c5c00000|  0%| F|  |TAMS 0x00000000c5b00000, 0x00000000c5b00000| Untracked 
|  92|0x00000000c5c00000, 0x00000000c5c00000, 0x00000000c5d00000|  0%| F|  |TAMS 0x00000000c5c00000, 0x00000000c5c00000| Untracked 
|  93|0x00000000c5d00000, 0x00000000c5d00000, 0x00000000c5e00000|  0%| F|  |TAMS 0x00000000c5d00000, 0x00000000c5d00000| Untracked 
|  94|0x00000000c5e00000, 0x00000000c5e00000, 0x00000000c5f00000|  0%| F|  |TAMS 0x00000000c5e00000, 0x00000000c5e00000| Untracked 
|  95|0x00000000c5f00000, 0x00000000c5f00000, 0x00000000c6000000|  0%| F|  |TAMS 0x00000000c5f00000, 0x00000000c5f00000| Untracked 
|  96|0x00000000c6000000, 0x00000000c6000000, 0x00000000c6100000|  0%| F|  |TAMS 0x00000000c6000000, 0x00000000c6000000| Untracked 
|  97|0x00000000c6100000, 0x00000000c6100000, 0x00000000c6200000|  0%| F|  |TAMS 0x00000000c6100000, 0x00000000c6100000| Untracked 
|  98|0x00000000c6200000, 0x00000000c6200000, 0x00000000c6300000|  0%| F|  |TAMS 0x00000000c6200000, 0x00000000c6200000| Untracked 
|  99|0x00000000c6300000, 0x00000000c6300000, 0x00000000c6400000|  0%| F|  |TAMS 0x00000000c6300000, 0x00000000c6300000| Untracked 
| 100|0x00000000c6400000, 0x00000000c6400000, 0x00000000c6500000|  0%| F|  |TAMS 0x00000000c6400000, 0x00000000c6400000| Untracked 
| 101|0x00000000c6500000, 0x00000000c6500000, 0x00000000c6600000|  0%| F|  |TAMS 0x00000000c6500000, 0x00000000c6500000| Untracked 
| 102|0x00000000c6600000, 0x00000000c6600000, 0x00000000c6700000|  0%| F|  |TAMS 0x00000000c6600000, 0x00000000c6600000| Untracked 
| 103|0x00000000c6700000, 0x00000000c6700000, 0x00000000c6800000|  0%| F|  |TAMS 0x00000000c6700000, 0x00000000c6700000| Untracked 
| 104|0x00000000c6800000, 0x00000000c6800000, 0x00000000c6900000|  0%| F|  |TAMS 0x00000000c6800000, 0x00000000c6800000| Untracked 
| 105|0x00000000c6900000, 0x00000000c6900000, 0x00000000c6a00000|  0%| F|  |TAMS 0x00000000c6900000, 0x00000000c6900000| Untracked 
| 106|0x00000000c6a00000, 0x00000000c6a00000, 0x00000000c6b00000|  0%| F|  |TAMS 0x00000000c6a00000, 0x00000000c6a00000| Untracked 
| 107|0x00000000c6b00000, 0x00000000c6b00000, 0x00000000c6c00000|  0%| F|  |TAMS 0x00000000c6b00000, 0x00000000c6b00000| Untracked 
| 108|0x00000000c6c00000, 0x00000000c6c00000, 0x00000000c6d00000|  0%| F|  |TAMS 0x00000000c6c00000, 0x00000000c6c00000| Untracked 
| 109|0x00000000c6d00000, 0x00000000c6d00000, 0x00000000c6e00000|  0%| F|  |TAMS 0x00000000c6d00000, 0x00000000c6d00000| Untracked 
| 110|0x00000000c6e00000, 0x00000000c6e00000, 0x00000000c6f00000|  0%| F|  |TAMS 0x00000000c6e00000, 0x00000000c6e00000| Untracked 
| 111|0x00000000c6f00000, 0x00000000c6f00000, 0x00000000c7000000|  0%| F|  |TAMS 0x00000000c6f00000, 0x00000000c6f00000| Untracked 
| 112|0x00000000c7000000, 0x00000000c7000000, 0x00000000c7100000|  0%| F|  |TAMS 0x00000000c7000000, 0x00000000c7000000| Untracked 
| 113|0x00000000c7100000, 0x00000000c7100000, 0x00000000c7200000|  0%| F|  |TAMS 0x00000000c7100000, 0x00000000c7100000| Untracked 
| 114|0x00000000c7200000, 0x00000000c7200000, 0x00000000c7300000|  0%| F|  |TAMS 0x00000000c7200000, 0x00000000c7200000| Untracked 
| 115|0x00000000c7300000, 0x00000000c7300000, 0x00000000c7400000|  0%| F|  |TAMS 0x00000000c7300000, 0x00000000c7300000| Untracked 
| 116|0x00000000c7400000, 0x00000000c7400000, 0x00000000c7500000|  0%| F|  |TAMS 0x00000000c7400000, 0x00000000c7400000| Untracked 
| 117|0x00000000c7500000, 0x00000000c7500000, 0x00000000c7600000|  0%| F|  |TAMS 0x00000000c7500000, 0x00000000c7500000| Untracked 
| 118|0x00000000c7600000, 0x00000000c7600000, 0x00000000c7700000|  0%| F|  |TAMS 0x00000000c7600000, 0x00000000c7600000| Untracked 
| 119|0x00000000c7700000, 0x00000000c7700000, 0x00000000c7800000|  0%| F|  |TAMS 0x00000000c7700000, 0x00000000c7700000| Untracked 
| 120|0x00000000c7800000, 0x00000000c7800000, 0x00000000c7900000|  0%| F|  |TAMS 0x00000000c7800000, 0x00000000c7800000| Untracked 
| 121|0x00000000c7900000, 0x00000000c7900000, 0x00000000c7a00000|  0%| F|  |TAMS 0x00000000c7900000, 0x00000000c7900000| Untracked 
| 122|0x00000000c7a00000, 0x00000000c7a00000, 0x00000000c7b00000|  0%| F|  |TAMS 0x00000000c7a00000, 0x00000000c7a00000| Untracked 
| 123|0x00000000c7b00000, 0x00000000c7b00000, 0x00000000c7c00000|  0%| F|  |TAMS 0x00000000c7b00000, 0x00000000c7b00000| Untracked 
| 124|0x00000000c7c00000, 0x00000000c7c00000, 0x00000000c7d00000|  0%| F|  |TAMS 0x00000000c7c00000, 0x00000000c7c00000| Untracked 
| 125|0x00000000c7d00000, 0x00000000c7d00000, 0x00000000c7e00000|  0%| F|  |TAMS 0x00000000c7d00000, 0x00000000c7d00000| Untracked 
| 126|0x00000000c7e00000, 0x00000000c7e00000, 0x00000000c7f00000|  0%| F|  |TAMS 0x00000000c7e00000, 0x00000000c7e00000| Untracked 
| 127|0x00000000c7f00000, 0x00000000c7f00000, 0x00000000c8000000|  0%| F|  |TAMS 0x00000000c7f00000, 0x00000000c7f00000| Untracked 
| 128|0x00000000c8000000, 0x00000000c8000000, 0x00000000c8100000|  0%| F|  |TAMS 0x00000000c8000000, 0x00000000c8000000| Untracked 
| 129|0x00000000c8100000, 0x00000000c8100000, 0x00000000c8200000|  0%| F|  |TAMS 0x00000000c8100000, 0x00000000c8100000| Untracked 
| 130|0x00000000c8200000, 0x00000000c8200000, 0x00000000c8300000|  0%| F|  |TAMS 0x00000000c8200000, 0x00000000c8200000| Untracked 
| 131|0x00000000c8300000, 0x00000000c8300000, 0x00000000c8400000|  0%| F|  |TAMS 0x00000000c8300000, 0x00000000c8300000| Untracked 
| 132|0x00000000c8400000, 0x00000000c8400000, 0x00000000c8500000|  0%| F|  |TAMS 0x00000000c8400000, 0x00000000c8400000| Untracked 
| 133|0x00000000c8500000, 0x00000000c8500000, 0x00000000c8600000|  0%| F|  |TAMS 0x00000000c8500000, 0x00000000c8500000| Untracked 
| 134|0x00000000c8600000, 0x00000000c8600000, 0x00000000c8700000|  0%| F|  |TAMS 0x00000000c8600000, 0x00000000c8600000| Untracked 
| 135|0x00000000c8700000, 0x00000000c8700000, 0x00000000c8800000|  0%| F|  |TAMS 0x00000000c8700000, 0x00000000c8700000| Untracked 
| 136|0x00000000c8800000, 0x00000000c8800000, 0x00000000c8900000|  0%| F|  |TAMS 0x00000000c8800000, 0x00000000c8800000| Untracked 
| 137|0x00000000c8900000, 0x00000000c8900000, 0x00000000c8a00000|  0%| F|  |TAMS 0x00000000c8900000, 0x00000000c8900000| Untracked 
| 138|0x00000000c8a00000, 0x00000000c8a00000, 0x00000000c8b00000|  0%| F|  |TAMS 0x00000000c8a00000, 0x00000000c8a00000| Untracked 
| 139|0x00000000c8b00000, 0x00000000c8b00000, 0x00000000c8c00000|  0%| F|  |TAMS 0x00000000c8b00000, 0x00000000c8b00000| Untracked 
| 140|0x00000000c8c00000, 0x00000000c8c00000, 0x00000000c8d00000|  0%| F|  |TAMS 0x00000000c8c00000, 0x00000000c8c00000| Untracked 
| 141|0x00000000c8d00000, 0x00000000c8d00000, 0x00000000c8e00000|  0%| F|  |TAMS 0x00000000c8d00000, 0x00000000c8d00000| Untracked 
| 142|0x00000000c8e00000, 0x00000000c8e00000, 0x00000000c8f00000|  0%| F|  |TAMS 0x00000000c8e00000, 0x00000000c8e00000| Untracked 
| 143|0x00000000c8f00000, 0x00000000c8f00000, 0x00000000c9000000|  0%| F|  |TAMS 0x00000000c8f00000, 0x00000000c8f00000| Untracked 
| 144|0x00000000c9000000, 0x00000000c9000000, 0x00000000c9100000|  0%| F|  |TAMS 0x00000000c9000000, 0x00000000c9000000| Untracked 
| 145|0x00000000c9100000, 0x00000000c9100000, 0x00000000c9200000|  0%| F|  |TAMS 0x00000000c9100000, 0x00000000c9100000| Untracked 
| 146|0x00000000c9200000, 0x00000000c9200000, 0x00000000c9300000|  0%| F|  |TAMS 0x00000000c9200000, 0x00000000c9200000| Untracked 
| 147|0x00000000c9300000, 0x00000000c9300000, 0x00000000c9400000|  0%| F|  |TAMS 0x00000000c9300000, 0x00000000c9300000| Untracked 
| 148|0x00000000c9400000, 0x00000000c9400000, 0x00000000c9500000|  0%| F|  |TAMS 0x00000000c9400000, 0x00000000c9400000| Untracked 
| 149|0x00000000c9500000, 0x00000000c951e308, 0x00000000c9600000| 11%| E|  |TAMS 0x00000000c9500000, 0x00000000c9500000| Complete 
| 207|0x00000000ccf00000, 0x00000000cd000000, 0x00000000cd000000|100%|HS|  |TAMS 0x00000000cd000000, 0x00000000ccf00000| Untracked 
| 208|0x00000000cd000000, 0x00000000cd100000, 0x00000000cd100000|100%|HC|  |TAMS 0x00000000cd100000, 0x00000000cd000000| Untracked 
| 209|0x00000000cd100000, 0x00000000cd200000, 0x00000000cd200000|100%|HC|  |TAMS 0x00000000cd200000, 0x00000000cd100000| Untracked 
| 313|0x00000000d3900000, 0x00000000d3a00000, 0x00000000d3a00000|100%| O|  |TAMS 0x00000000d3a00000, 0x00000000d3900000| Untracked 

Card table byte_map: [0x0000021fe19d0000,0x0000021fe1bd0000] _byte_map_base: 0x0000021fe13d0000

Marking Bits (Prev, Next): (CMBitMap*) 0x0000021fdbd7fc70, (CMBitMap*) 0x0000021fdbd7fcb0
 Prev Bits: [0x0000021fe1dd0000, 0x0000021fe2dd0000)
 Next Bits: [0x0000021fe2dd0000, 0x0000021fe3dd0000)

Polling page: 0x0000021fdb510000

Metaspace:

Usage:
  Non-class:     59.58 MB used.
      Class:      9.48 MB used.
       Both:     69.06 MB used.

Virtual space:
  Non-class space:       64.00 MB reserved,      60.06 MB ( 94%) committed,  1 nodes.
      Class space:        1.00 GB reserved,       9.81 MB ( <1%) committed,  1 nodes.
             Both:        1.06 GB reserved,      69.88 MB (  6%) committed. 

Chunk freelists:
   Non-Class:  3.75 MB
       Class:  6.21 MB
        Both:  9.95 MB

MaxMetaspaceSize: unlimited
CompressedClassSpaceSize: 1.00 GB
Initial GC threshold: 21.00 MB
Current GC threshold: 116.25 MB
CDS: off
MetaspaceReclaimPolicy: balanced
 - commit_granule_bytes: 65536.
 - commit_granule_words: 8192.
 - virtual_space_node_default_size: 8388608.
 - enlarge_chunks_in_place: 1.
 - new_chunks_are_fully_committed: 0.
 - uncommit_free_chunks: 1.
 - use_allocation_guard: 0.
 - handle_deallocations: 1.


Internal statistics:

num_allocs_failed_limit: 9.
num_arena_births: 740.
num_arena_deaths: 224.
num_vsnodes_births: 2.
num_vsnodes_deaths: 0.
num_space_committed: 1118.
num_space_uncommitted: 0.
num_chunks_returned_to_freelist: 278.
num_chunks_taken_from_freelist: 3052.
num_chunk_merges: 100.
num_chunk_splits: 2180.
num_chunks_enlarged: 1649.
num_inconsistent_stats: 0.

CodeCache: size=49152Kb used=21285Kb max_used=21970Kb free=27866Kb
 bounds [0x0000021fde9d0000, 0x0000021fdff90000, 0x0000021fe19d0000]
 total_blobs=12517 nmethods=11840 adapters=603
 compilation: enabled
              stopped_count=0, restarted_count=0
 full_count=0

Compilation events (20 events):
Event: 3046.230 Thread 0x0000021fe6336230 12016       1       java.lang.invoke.LambdaForm$DMH/0x00000001009db800::newInvokeSpecial (23 bytes)
Event: 3046.230 Thread 0x0000021fe6336230 nmethod 12016 0x0000021fdfb5be90 code [0x0000021fdfb5c040, 0x0000021fdfb5c1c8]
Event: 3046.230 Thread 0x0000021fe6336230 12017       1       java.lang.ProcessImpl$$Lambda$1254/0x0000000100853540::<init> (10 bytes)
Event: 3046.230 Thread 0x0000021fe6336230 nmethod 12017 0x0000021fdfb5bb90 code [0x0000021fdfb5bd20, 0x0000021fdfb5bdf8]
Event: 3046.230 Thread 0x0000021fe6336230 12019       1       java.lang.ProcessHandleImpl::getInternal (13 bytes)
Event: 3046.230 Thread 0x0000021fe6336230 nmethod 12019 0x0000021fdfb5b810 code [0x0000021fdfb5b9a0, 0x0000021fdfb5bb08]
Event: 3046.230 Thread 0x0000021fe6336230 12020       1       java.lang.ProcessImpl$2::<init> (20 bytes)
Event: 3046.230 Thread 0x0000021fe6336230 nmethod 12020 0x0000021fdfb5b490 code [0x0000021fdfb5b620, 0x0000021fdfb5b798]
Event: 3046.230 Thread 0x0000021fe6336230 12021       1       java.lang.ProcessImpl$2::run (5 bytes)
Event: 3046.230 Thread 0x0000021fe6336230 nmethod 12021 0x0000021fdfb5b190 code [0x0000021fdfb5b320, 0x0000021fdfb5b408]
Event: 3046.327 Thread 0x0000021fe6336230 12022   !   1       java.io.FilterOutputStream::close (183 bytes)
Event: 3046.362 Thread 0x0000021fe6336230 nmethod 12022 0x0000021fdfb5a010 code [0x0000021fdfb5a220, 0x0000021fdfb5a6f8]
Event: 3046.362 Thread 0x0000021fe6336230 12024       1       java.lang.ProcessImpl$$Lambda$1254/0x0000000100853540::run (8 bytes)
Event: 3046.362 Thread 0x0000021fe6336230 nmethod 12024 0x0000021fdfb59d10 code [0x0000021fdfb59ea0, 0x0000021fdfb59f88]
Event: 3046.362 Thread 0x0000021fe6336230 12025       1       java.lang.ProcessImpl::lambda$new$0 (6 bytes)
Event: 3046.362 Thread 0x0000021fe6336230 nmethod 12025 0x0000021fdfb59a10 code [0x0000021fdfb59ba0, 0x0000021fdfb59c68]
Event: 4438.017 Thread 0x0000021fe6336230 12027       1       java.lang.ProcessImpl$2::run (242 bytes)
Event: 4438.019 Thread 0x0000021fe6336230 nmethod 12027 0x0000021fdfb57f90 code [0x0000021fdfb58240, 0x0000021fdfb58fd8]
Event: 4438.020 Thread 0x0000021fe6336230 12028       1       java.lang.ProcessImpl::waitFor (136 bytes)
Event: 4438.021 Thread 0x0000021fe6336230 nmethod 12028 0x0000021fdfb57710 code [0x0000021fdfb57920, 0x0000021fdfb57d38]

GC Heap History (20 events):
Event: 4774.042 GC heap before
{Heap before GC invocations=493 (full 416):
 garbage-first heap   total 157696K, used 46578K [0x00000000c0000000, 0x0000000100000000)
  region size 1024K, 1 young (1024K), 0 survivors (0K)
 Metaspace       used 70717K, committed 71552K, reserved 1114112K
  class space    used 9704K, committed 10048K, reserved 1048576K
}
Event: 4774.078 GC heap after
{Heap after GC invocations=494 (full 417):
 garbage-first heap   total 157696K, used 46578K [0x00000000c0000000, 0x0000000100000000)
  region size 1024K, 0 young (0K), 0 survivors (0K)
 Metaspace       used 70717K, committed 71552K, reserved 1114112K
  class space    used 9704K, committed 10048K, reserved 1048576K
}
Event: 4784.209 GC heap before
{Heap before GC invocations=494 (full 417):
 garbage-first heap   total 157696K, used 46578K [0x00000000c0000000, 0x0000000100000000)
  region size 1024K, 1 young (1024K), 0 survivors (0K)
 Metaspace       used 70717K, committed 71552K, reserved 1114112K
  class space    used 9704K, committed 10048K, reserved 1048576K
}
Event: 4784.271 GC heap after
{Heap after GC invocations=495 (full 418):
 garbage-first heap   total 157696K, used 46578K [0x00000000c0000000, 0x0000000100000000)
  region size 1024K, 0 young (0K), 0 survivors (0K)
 Metaspace       used 70717K, committed 71552K, reserved 1114112K
  class space    used 9704K, committed 10048K, reserved 1048576K
}
Event: 4794.384 GC heap before
{Heap before GC invocations=495 (full 418):
 garbage-first heap   total 157696K, used 46578K [0x00000000c0000000, 0x0000000100000000)
  region size 1024K, 1 young (1024K), 0 survivors (0K)
 Metaspace       used 70717K, committed 71552K, reserved 1114112K
  class space    used 9704K, committed 10048K, reserved 1048576K
}
Event: 4794.419 GC heap after
{Heap after GC invocations=496 (full 419):
 garbage-first heap   total 157696K, used 46578K [0x00000000c0000000, 0x0000000100000000)
  region size 1024K, 0 young (0K), 0 survivors (0K)
 Metaspace       used 70717K, committed 71552K, reserved 1114112K
  class space    used 9704K, committed 10048K, reserved 1048576K
}
Event: 4804.536 GC heap before
{Heap before GC invocations=496 (full 419):
 garbage-first heap   total 157696K, used 46578K [0x00000000c0000000, 0x0000000100000000)
  region size 1024K, 1 young (1024K), 0 survivors (0K)
 Metaspace       used 70717K, committed 71552K, reserved 1114112K
  class space    used 9704K, committed 10048K, reserved 1048576K
}
Event: 4804.571 GC heap after
{Heap after GC invocations=497 (full 420):
 garbage-first heap   total 157696K, used 46578K [0x00000000c0000000, 0x0000000100000000)
  region size 1024K, 0 young (0K), 0 survivors (0K)
 Metaspace       used 70717K, committed 71552K, reserved 1114112K
  class space    used 9704K, committed 10048K, reserved 1048576K
}
Event: 4814.683 GC heap before
{Heap before GC invocations=497 (full 420):
 garbage-first heap   total 157696K, used 46578K [0x00000000c0000000, 0x0000000100000000)
  region size 1024K, 1 young (1024K), 0 survivors (0K)
 Metaspace       used 70717K, committed 71552K, reserved 1114112K
  class space    used 9704K, committed 10048K, reserved 1048576K
}
Event: 4814.723 GC heap after
{Heap after GC invocations=498 (full 421):
 garbage-first heap   total 157696K, used 46578K [0x00000000c0000000, 0x0000000100000000)
  region size 1024K, 0 young (0K), 0 survivors (0K)
 Metaspace       used 70717K, committed 71552K, reserved 1114112K
  class space    used 9704K, committed 10048K, reserved 1048576K
}
Event: 4824.906 GC heap before
{Heap before GC invocations=498 (full 421):
 garbage-first heap   total 157696K, used 46578K [0x00000000c0000000, 0x0000000100000000)
  region size 1024K, 1 young (1024K), 0 survivors (0K)
 Metaspace       used 70717K, committed 71552K, reserved 1114112K
  class space    used 9704K, committed 10048K, reserved 1048576K
}
Event: 4824.949 GC heap after
{Heap after GC invocations=499 (full 422):
 garbage-first heap   total 157696K, used 46578K [0x00000000c0000000, 0x0000000100000000)
  region size 1024K, 0 young (0K), 0 survivors (0K)
 Metaspace       used 70717K, committed 71552K, reserved 1114112K
  class space    used 9704K, committed 10048K, reserved 1048576K
}
Event: 4835.098 GC heap before
{Heap before GC invocations=499 (full 422):
 garbage-first heap   total 157696K, used 46578K [0x00000000c0000000, 0x0000000100000000)
  region size 1024K, 1 young (1024K), 0 survivors (0K)
 Metaspace       used 70717K, committed 71552K, reserved 1114112K
  class space    used 9704K, committed 10048K, reserved 1048576K
}
Event: 4835.135 GC heap after
{Heap after GC invocations=500 (full 423):
 garbage-first heap   total 157696K, used 46578K [0x00000000c0000000, 0x0000000100000000)
  region size 1024K, 0 young (0K), 0 survivors (0K)
 Metaspace       used 70717K, committed 71552K, reserved 1114112K
  class space    used 9704K, committed 10048K, reserved 1048576K
}
Event: 4845.323 GC heap before
{Heap before GC invocations=500 (full 423):
 garbage-first heap   total 157696K, used 46578K [0x00000000c0000000, 0x0000000100000000)
  region size 1024K, 1 young (1024K), 0 survivors (0K)
 Metaspace       used 70717K, committed 71552K, reserved 1114112K
  class space    used 9704K, committed 10048K, reserved 1048576K
}
Event: 4845.360 GC heap after
{Heap after GC invocations=501 (full 424):
 garbage-first heap   total 157696K, used 46578K [0x00000000c0000000, 0x0000000100000000)
  region size 1024K, 0 young (0K), 0 survivors (0K)
 Metaspace       used 70717K, committed 71552K, reserved 1114112K
  class space    used 9704K, committed 10048K, reserved 1048576K
}
Event: 4855.523 GC heap before
{Heap before GC invocations=501 (full 424):
 garbage-first heap   total 157696K, used 46578K [0x00000000c0000000, 0x0000000100000000)
  region size 1024K, 1 young (1024K), 0 survivors (0K)
 Metaspace       used 70717K, committed 71552K, reserved 1114112K
  class space    used 9704K, committed 10048K, reserved 1048576K
}
Event: 4855.561 GC heap after
{Heap after GC invocations=502 (full 425):
 garbage-first heap   total 157696K, used 46578K [0x00000000c0000000, 0x0000000100000000)
  region size 1024K, 0 young (0K), 0 survivors (0K)
 Metaspace       used 70717K, committed 71552K, reserved 1114112K
  class space    used 9704K, committed 10048K, reserved 1048576K
}
Event: 4865.742 GC heap before
{Heap before GC invocations=502 (full 425):
 garbage-first heap   total 157696K, used 46578K [0x00000000c0000000, 0x0000000100000000)
  region size 1024K, 1 young (1024K), 0 survivors (0K)
 Metaspace       used 70717K, committed 71552K, reserved 1114112K
  class space    used 9704K, committed 10048K, reserved 1048576K
}
Event: 4865.786 GC heap after
{Heap after GC invocations=503 (full 426):
 garbage-first heap   total 157696K, used 46578K [0x00000000c0000000, 0x0000000100000000)
  region size 1024K, 0 young (0K), 0 survivors (0K)
 Metaspace       used 70717K, committed 71552K, reserved 1114112K
  class space    used 9704K, committed 10048K, reserved 1048576K
}

Dll operation events (10 events):
Event: 0.011 Loaded shared library c:\Users\hasee\.vscode\extensions\redhat.java-1.19.0-win32-x64\jre\17.0.7-win32-x86_64\bin\java.dll
Event: 1.727 Loaded shared library C:\Users\hasee\.vscode\extensions\redhat.java-1.19.0-win32-x64\jre\17.0.7-win32-x86_64\bin\net.dll
Event: 1.729 Loaded shared library C:\Users\hasee\.vscode\extensions\redhat.java-1.19.0-win32-x64\jre\17.0.7-win32-x86_64\bin\nio.dll
Event: 3.107 Loaded shared library C:\Users\hasee\.vscode\extensions\redhat.java-1.19.0-win32-x64\jre\17.0.7-win32-x86_64\bin\zip.dll
Event: 18.285 Loaded shared library C:\Users\hasee\.vscode\extensions\redhat.java-1.19.0-win32-x64\jre\17.0.7-win32-x86_64\bin\jimage.dll
Event: 23.187 Loaded shared library C:\Users\hasee\.vscode\extensions\redhat.java-1.19.0-win32-x64\jre\17.0.7-win32-x86_64\bin\management.dll
Event: 23.207 Loaded shared library C:\Users\hasee\.vscode\extensions\redhat.java-1.19.0-win32-x64\jre\17.0.7-win32-x86_64\bin\management_ext.dll
Event: 44.592 Loaded shared library c:\Users\hasee\.vscode\extensions\redhat.java-1.19.0-win32-x64\jre\17.0.7-win32-x86_64\bin\verify.dll
Event: 45.427 Loaded shared library C:\Users\hasee\.vscode\extensions\redhat.java-1.19.0-win32-x64\jre\17.0.7-win32-x86_64\bin\sunmscapi.dll
Event: 58.417 Loaded shared library C:\Users\hasee\AppData\Local\Temp\snappy-1.1.8-dbdbf1c5-c497-42d9-96bf-29d3e5a31dbb-snappyjava.dll

Deoptimization events (20 events):
Event: 47.810 Thread 0x0000021feb789a20 DEOPT PACKING pc=0x0000021fdf62ab24 sp=0x00000031a32fe160
Event: 47.810 Thread 0x0000021feb789a20 DEOPT UNPACKING pc=0x0000021fdea27143 sp=0x00000031a32fd6e0 mode 0
Event: 47.811 Thread 0x0000021feb789a20 DEOPT PACKING pc=0x0000021fdf7d7a2c sp=0x00000031a32fe480
Event: 47.811 Thread 0x0000021feb789a20 DEOPT UNPACKING pc=0x0000021fdea27143 sp=0x00000031a32fd910 mode 0
Event: 47.906 Thread 0x0000021fec5d3d70 DEOPT PACKING pc=0x0000021fdf9b0b36 sp=0x00000031a33fdba0
Event: 47.906 Thread 0x0000021fec5d3d70 DEOPT UNPACKING pc=0x0000021fdea27143 sp=0x00000031a33fd098 mode 3
Event: 48.305 Thread 0x0000021fec5d3d70 DEOPT PACKING pc=0x0000021fdfa02fcf sp=0x00000031a33fd7a0
Event: 48.305 Thread 0x0000021fec5d3d70 DEOPT UNPACKING pc=0x0000021fdea27143 sp=0x00000031a33fcc90 mode 3
Event: 52.387 Thread 0x0000021fec5d6d90 DEOPT PACKING pc=0x0000021fdeebbbf3 sp=0x00000031a35fc660
Event: 52.388 Thread 0x0000021fec5d6d90 DEOPT UNPACKING pc=0x0000021fdea27143 sp=0x00000031a35fbb80 mode 3
Event: 57.695 Thread 0x0000021feb788bb0 DEOPT PACKING pc=0x0000021fdfc31dec sp=0x00000031a39fdfc0
Event: 57.695 Thread 0x0000021feb788bb0 DEOPT UNPACKING pc=0x0000021fdea27143 sp=0x00000031a39fd510 mode 0
Event: 57.704 Thread 0x0000021feb788bb0 DEOPT PACKING pc=0x0000021fdfc31dec sp=0x00000031a39fe2f0
Event: 57.704 Thread 0x0000021feb788bb0 DEOPT UNPACKING pc=0x0000021fdea27143 sp=0x00000031a39fd840 mode 0
Event: 57.704 Thread 0x0000021feb788bb0 DEOPT PACKING pc=0x0000021fdfc31dec sp=0x00000031a39fe5d0
Event: 57.704 Thread 0x0000021feb788bb0 DEOPT UNPACKING pc=0x0000021fdea27143 sp=0x00000031a39fdb20 mode 0
Event: 58.257 Thread 0x0000021feb788bb0 DEOPT PACKING pc=0x0000021fdfc5282c sp=0x00000031a39fcca0
Event: 58.257 Thread 0x0000021feb788bb0 DEOPT UNPACKING pc=0x0000021fdea27143 sp=0x00000031a39fc228 mode 0
Event: 114.464 Thread 0x0000021feb5395e0 DEOPT PACKING pc=0x0000021fdef59e54 sp=0x00000031a2cfed00
Event: 114.464 Thread 0x0000021feb5395e0 DEOPT UNPACKING pc=0x0000021fdea27143 sp=0x00000031a2cfe188 mode 0

Classes unloaded (20 events):
Event: 294.308 Thread 0x0000021fe62d9520 Unloading class 0x0000000100220000 'java/lang/invoke/LambdaForm$MH+0x0000000100220000'
Event: 294.308 Thread 0x0000021fe62d9520 Unloading class 0x0000000100211000 'java/lang/invoke/LambdaForm$DMH+0x0000000100211000'
Event: 294.308 Thread 0x0000021fe62d9520 Unloading class 0x00000001000d1c00 'java/lang/invoke/LambdaForm$MH+0x00000001000d1c00'
Event: 294.308 Thread 0x0000021fe62d9520 Unloading class 0x00000001000d1800 'java/lang/invoke/LambdaForm$MH+0x00000001000d1800'
Event: 294.308 Thread 0x0000021fe62d9520 Unloading class 0x00000001000d1400 'java/lang/invoke/LambdaForm$MH+0x00000001000d1400'
Event: 294.308 Thread 0x0000021fe62d9520 Unloading class 0x00000001000d1000 'java/lang/invoke/LambdaForm$MH+0x00000001000d1000'
Event: 294.308 Thread 0x0000021fe62d9520 Unloading class 0x00000001000d0c00 'java/lang/invoke/LambdaForm$MH+0x00000001000d0c00'
Event: 294.308 Thread 0x0000021fe62d9520 Unloading class 0x00000001000d0800 'java/lang/invoke/LambdaForm$MH+0x00000001000d0800'
Event: 294.308 Thread 0x0000021fe62d9520 Unloading class 0x00000001000d0400 'java/lang/invoke/LambdaForm$MH+0x00000001000d0400'
Event: 294.308 Thread 0x0000021fe62d9520 Unloading class 0x00000001000d0000 'java/lang/invoke/LambdaForm$MH+0x00000001000d0000'
Event: 294.308 Thread 0x0000021fe62d9520 Unloading class 0x00000001000cb800 'java/lang/invoke/LambdaForm$MH+0x00000001000cb800'
Event: 294.308 Thread 0x0000021fe62d9520 Unloading class 0x00000001000cb400 'java/lang/invoke/LambdaForm$MH+0x00000001000cb400'
Event: 294.308 Thread 0x0000021fe62d9520 Unloading class 0x00000001000cb000 'java/lang/invoke/LambdaForm$MH+0x00000001000cb000'
Event: 294.308 Thread 0x0000021fe62d9520 Unloading class 0x00000001000cac00 'java/lang/invoke/LambdaForm$MH+0x00000001000cac00'
Event: 294.308 Thread 0x0000021fe62d9520 Unloading class 0x00000001000ca800 'java/lang/invoke/LambdaForm$MH+0x00000001000ca800'
Event: 294.308 Thread 0x0000021fe62d9520 Unloading class 0x00000001000ca400 'java/lang/invoke/LambdaForm$MH+0x00000001000ca400'
Event: 294.308 Thread 0x0000021fe62d9520 Unloading class 0x00000001000c9c00 'java/lang/invoke/LambdaForm$MH+0x00000001000c9c00'
Event: 294.308 Thread 0x0000021fe62d9520 Unloading class 0x00000001000c9400 'java/lang/invoke/LambdaForm$MH+0x00000001000c9400'
Event: 294.308 Thread 0x0000021fe62d9520 Unloading class 0x00000001000c8c00 'java/lang/invoke/LambdaForm$MH+0x00000001000c8c00'
Event: 294.308 Thread 0x0000021fe62d9520 Unloading class 0x00000001000c8400 'java/lang/invoke/LambdaForm$MH+0x00000001000c8400'

Classes redefined (0 events):
No events

Internal exceptions (20 events):
Event: 60.952 Thread 0x0000021feb788bb0 Exception <a 'sun/nio/fs/WindowsException'{0x00000000df0e5ba0}> (0x00000000df0e5ba0) 
thrown [s\src\hotspot\share\prims\jni.cpp, line 516]
Event: 60.953 Thread 0x0000021feb788bb0 Exception <a 'sun/nio/fs/WindowsException'{0x00000000def13188}> (0x00000000def13188) 
thrown [s\src\hotspot\share\prims\jni.cpp, line 516]
Event: 60.953 Thread 0x0000021feb788bb0 Exception <a 'sun/nio/fs/WindowsException'{0x00000000def13648}> (0x00000000def13648) 
thrown [s\src\hotspot\share\prims\jni.cpp, line 516]
Event: 60.953 Thread 0x0000021feb788bb0 Exception <a 'sun/nio/fs/WindowsException'{0x00000000def146f8}> (0x00000000def146f8) 
thrown [s\src\hotspot\share\prims\jni.cpp, line 516]
Event: 60.953 Thread 0x0000021feb788bb0 Exception <a 'sun/nio/fs/WindowsException'{0x00000000def14bd8}> (0x00000000def14bd8) 
thrown [s\src\hotspot\share\prims\jni.cpp, line 516]
Event: 60.954 Thread 0x0000021feb788bb0 Exception <a 'sun/nio/fs/WindowsException'{0x00000000def36050}> (0x00000000def36050) 
thrown [s\src\hotspot\share\prims\jni.cpp, line 516]
Event: 60.954 Thread 0x0000021feb788bb0 Exception <a 'sun/nio/fs/WindowsException'{0x00000000def36500}> (0x00000000def36500) 
thrown [s\src\hotspot\share\prims\jni.cpp, line 516]
Event: 60.955 Thread 0x0000021feb788bb0 Exception <a 'sun/nio/fs/WindowsException'{0x00000000def375a0}> (0x00000000def375a0) 
thrown [s\src\hotspot\share\prims\jni.cpp, line 516]
Event: 60.955 Thread 0x0000021feb788bb0 Exception <a 'sun/nio/fs/WindowsException'{0x00000000def37a78}> (0x00000000def37a78) 
thrown [s\src\hotspot\share\prims\jni.cpp, line 516]
Event: 60.956 Thread 0x0000021feb788bb0 Exception <a 'sun/nio/fs/WindowsException'{0x00000000def68290}> (0x00000000def68290) 
thrown [s\src\hotspot\share\prims\jni.cpp, line 516]
Event: 60.956 Thread 0x0000021feb788bb0 Exception <a 'sun/nio/fs/WindowsException'{0x00000000def68770}> (0x00000000def68770) 
thrown [s\src\hotspot\share\prims\jni.cpp, line 516]
Event: 60.957 Thread 0x0000021feb788bb0 Exception <a 'sun/nio/fs/WindowsException'{0x00000000def69d90}> (0x00000000def69d90) 
thrown [s\src\hotspot\share\prims\jni.cpp, line 516]
Event: 60.957 Thread 0x0000021feb788bb0 Exception <a 'sun/nio/fs/WindowsException'{0x00000000def6a290}> (0x00000000def6a290) 
thrown [s\src\hotspot\share\prims\jni.cpp, line 516]
Event: 60.957 Thread 0x0000021feb788bb0 Exception <a 'sun/nio/fs/WindowsException'{0x00000000def92928}> (0x00000000def92928) 
thrown [s\src\hotspot\share\prims\jni.cpp, line 516]
Event: 60.957 Thread 0x0000021feb788bb0 Exception <a 'sun/nio/fs/WindowsException'{0x00000000def92df8}> (0x00000000def92df8) 
thrown [s\src\hotspot\share\prims\jni.cpp, line 516]
Event: 60.958 Thread 0x0000021feb788bb0 Exception <a 'sun/nio/fs/WindowsException'{0x00000000def94408}> (0x00000000def94408) 
thrown [s\src\hotspot\share\prims\jni.cpp, line 516]
Event: 60.958 Thread 0x0000021feb788bb0 Exception <a 'sun/nio/fs/WindowsException'{0x00000000def948f8}> (0x00000000def948f8) 
thrown [s\src\hotspot\share\prims\jni.cpp, line 516]
Event: 103.370 Thread 0x0000021febec2530 Exception <a 'java/lang/NoSuchMethodError'{0x00000000dedc4a10}: 'void java.lang.invoke.DirectMethodHandle$Holder.invokeStatic(java.lang.Object, long)'> (0x00000000dedc4a10) 
thrown [s\src\hotspot\share\interpreter\linkResolver.cpp, line 759]
Event: 103.370 Thread 0x0000021febec2530 Exception <a 'java/lang/NoSuchMethodError'{0x00000000dedc9dc0}: 'java.lang.Object java.lang.invoke.DirectMethodHandle$Holder.newInvokeSpecial(java.lang.Object, long)'> (0x00000000dedc9dc0) 
thrown [s\src\hotspot\share\interpreter\linkResolver.cpp, line 759]
Event: 4875.805 Thread 0x0000021febec2530 Exception <a 'java/io/IOException'{0x00000000c9500628}: CreateProcess error=1455, The paging file is too small for this operation to complete> (0x00000000c9500628) 
thrown [s\src\hotspot\share\prims\jni.cpp, line 535]

VM Operations (20 events):
Event: 4774.078 Executing VM operation: G1CollectFull done
Event: 4784.208 Executing VM operation: G1CollectFull
Event: 4784.272 Executing VM operation: G1CollectFull done
Event: 4794.384 Executing VM operation: G1CollectFull
Event: 4794.419 Executing VM operation: G1CollectFull done
Event: 4804.536 Executing VM operation: G1CollectFull
Event: 4804.571 Executing VM operation: G1CollectFull done
Event: 4814.683 Executing VM operation: G1CollectFull
Event: 4814.723 Executing VM operation: G1CollectFull done
Event: 4824.906 Executing VM operation: G1CollectFull
Event: 4824.949 Executing VM operation: G1CollectFull done
Event: 4835.098 Executing VM operation: G1CollectFull
Event: 4835.135 Executing VM operation: G1CollectFull done
Event: 4845.323 Executing VM operation: G1CollectFull
Event: 4845.360 Executing VM operation: G1CollectFull done
Event: 4855.523 Executing VM operation: G1CollectFull
Event: 4855.561 Executing VM operation: G1CollectFull done
Event: 4865.742 Executing VM operation: G1CollectFull
Event: 4865.786 Executing VM operation: G1CollectFull done
Event: 4885.880 Executing VM operation: G1CollectFull

Events (20 events):
Event: 476.307 Thread 0x0000021ff5300c20 Thread added: 0x0000021ff5300c20
Event: 476.308 Thread 0x0000021ff52fd730 Thread added: 0x0000021ff52fd730
Event: 493.506 Thread 0x0000021ff5302900 Thread added: 0x0000021ff5302900
Event: 536.312 Thread 0x0000021ff5300750 Thread exited: 0x0000021ff5300750
Event: 541.376 Thread 0x0000021ff52fd730 Thread exited: 0x0000021ff52fd730
Event: 553.876 Thread 0x0000021ff5302900 Thread exited: 0x0000021ff5302900
Event: 554.171 Thread 0x0000021ff52fba50 Thread exited: 0x0000021ff52fba50
Event: 554.171 Thread 0x0000021ff5300c20 Thread exited: 0x0000021ff5300c20
Event: 1165.985 Thread 0x0000021ff52fe5a0 Thread added: 0x0000021ff52fe5a0
Event: 1232.377 Thread 0x0000021ff52fe5a0 Thread exited: 0x0000021ff52fe5a0
Event: 1503.523 Thread 0x0000021ff5301a90 Thread added: 0x0000021ff5301a90
Event: 1563.537 Thread 0x0000021ff5301a90 Thread exited: 0x0000021ff5301a90
Event: 1589.041 Thread 0x0000021ff5301a90 Thread added: 0x0000021ff5301a90
Event: 1649.184 Thread 0x0000021ff5301a90 Thread exited: 0x0000021ff5301a90
Event: 3281.349 Thread 0x0000021ff5301a90 Thread added: 0x0000021ff5301a90
Event: 3372.089 Thread 0x0000021ff5301a90 Thread exited: 0x0000021ff5301a90
Event: 3395.757 Thread 0x0000021ff52fb580 Thread added: 0x0000021ff52fb580
Event: 3395.940 Thread 0x0000021ff52fc8c0 Thread added: 0x0000021ff52fc8c0
Event: 3455.941 Thread 0x0000021ff52fc8c0 Thread exited: 0x0000021ff52fc8c0
Event: 3456.969 Thread 0x0000021ff52fb580 Thread exited: 0x0000021ff52fb580


Dynamic libraries:
0x00007ff6ffe20000 - 0x00007ff6ffe2e000 	c:\Users\hasee\.vscode\extensions\redhat.java-1.19.0-win32-x64\jre\17.0.7-win32-x86_64\bin\java.exe
0x00007ff975d50000 - 0x00007ff975f48000 	C:\Windows\SYSTEM32\ntdll.dll
0x00007ff973e90000 - 0x00007ff973f4f000 	C:\Windows\System32\KERNEL32.DLL
0x00007ff973810000 - 0x00007ff973b06000 	C:\Windows\System32\KERNELBASE.dll
0x00007ff973bc0000 - 0x00007ff973cc0000 	C:\Windows\System32\ucrtbase.dll
0x00007ff9693a0000 - 0x00007ff9693b7000 	c:\Users\hasee\.vscode\extensions\redhat.java-1.19.0-win32-x64\jre\17.0.7-win32-x86_64\bin\jli.dll
0x00007ff974a00000 - 0x00007ff974b9d000 	C:\Windows\System32\USER32.dll
0x00007ff973cc0000 - 0x00007ff973ce2000 	C:\Windows\System32\win32u.dll
0x00007ff975ce0000 - 0x00007ff975d0c000 	C:\Windows\System32\GDI32.dll
0x00007ff9734c0000 - 0x00007ff9735d5000 	C:\Windows\System32\gdi32full.dll
0x00007ff973610000 - 0x00007ff9736ad000 	C:\Windows\System32\msvcp_win.dll
0x00007ff95ed70000 - 0x00007ff95ed89000 	c:\Users\hasee\.vscode\extensions\redhat.java-1.19.0-win32-x64\jre\17.0.7-win32-x86_64\bin\VCRUNTIME140.dll
0x00007ff9545d0000 - 0x00007ff95486a000 	C:\Windows\WinSxS\amd64_microsoft.windows.common-controls_6595b64144ccf1df_6.0.19041.1110_none_60b5254171f9507e\COMCTL32.dll
0x00007ff974960000 - 0x00007ff9749fe000 	C:\Windows\System32\msvcrt.dll
0x00007ff974930000 - 0x00007ff974960000 	C:\Windows\System32\IMM32.DLL
0x00007ff967e90000 - 0x00007ff967e9c000 	c:\Users\hasee\.vscode\extensions\redhat.java-1.19.0-win32-x64\jre\17.0.7-win32-x86_64\bin\vcruntime140_1.dll
0x00007ff936c00000 - 0x00007ff936c91000 	c:\Users\hasee\.vscode\extensions\redhat.java-1.19.0-win32-x64\jre\17.0.7-win32-x86_64\bin\msvcp140.dll
0x00007ff917440000 - 0x00007ff918088000 	c:\Users\hasee\.vscode\extensions\redhat.java-1.19.0-win32-x64\jre\17.0.7-win32-x86_64\bin\server\jvm.dll
0x00007ff974240000 - 0x00007ff9742ef000 	C:\Windows\System32\ADVAPI32.dll
0x00007ff974380000 - 0x00007ff97441c000 	C:\Windows\System32\sechost.dll
0x00007ff973fe0000 - 0x00007ff974106000 	C:\Windows\System32\RPCRT4.dll
0x00007ff95ee10000 - 0x00007ff95ee19000 	C:\Windows\SYSTEM32\WSOCK32.dll
0x00007ff974ba0000 - 0x00007ff974c0b000 	C:\Windows\System32\WS2_32.dll
0x00007ff948b30000 - 0x00007ff948b57000 	C:\Windows\SYSTEM32\WINMM.dll
0x00007ff966b00000 - 0x00007ff966b0a000 	C:\Windows\SYSTEM32\VERSION.dll
0x00007ff971c80000 - 0x00007ff971c92000 	C:\Windows\SYSTEM32\kernel.appcore.dll
0x00007ff95d160000 - 0x00007ff95d16a000 	c:\Users\hasee\.vscode\extensions\redhat.java-1.19.0-win32-x64\jre\17.0.7-win32-x86_64\bin\jimage.dll
0x00007ff971a60000 - 0x00007ff971c44000 	C:\Windows\SYSTEM32\DBGHELP.DLL
0x00007ff963510000 - 0x00007ff963544000 	C:\Windows\SYSTEM32\dbgcore.DLL
0x00007ff973430000 - 0x00007ff9734b2000 	C:\Windows\System32\bcryptPrimitives.dll
0x00007ff95be80000 - 0x00007ff95bea5000 	c:\Users\hasee\.vscode\extensions\redhat.java-1.19.0-win32-x64\jre\17.0.7-win32-x86_64\bin\java.dll
0x00007ff95cdc0000 - 0x00007ff95cdd8000 	c:\Users\hasee\.vscode\extensions\redhat.java-1.19.0-win32-x64\jre\17.0.7-win32-x86_64\bin\zip.dll
0x00007ff974c70000 - 0x00007ff9753b4000 	C:\Windows\System32\SHELL32.dll
0x00007ff971200000 - 0x00007ff971993000 	C:\Windows\SYSTEM32\windows.storage.dll
0x00007ff9755f0000 - 0x00007ff975944000 	C:\Windows\System32\combase.dll
0x00007ff972e90000 - 0x00007ff972ebe000 	C:\Windows\SYSTEM32\Wldp.dll
0x00007ff975a80000 - 0x00007ff975b2d000 	C:\Windows\System32\SHCORE.dll
0x00007ff9741e0000 - 0x00007ff974235000 	C:\Windows\System32\shlwapi.dll
0x00007ff973370000 - 0x00007ff97338f000 	C:\Windows\SYSTEM32\profapi.dll
0x00007ff95cab0000 - 0x00007ff95cac9000 	C:\Users\hasee\.vscode\extensions\redhat.java-1.19.0-win32-x64\jre\17.0.7-win32-x86_64\bin\net.dll
0x00007ff95f360000 - 0x00007ff95f46a000 	C:\Windows\SYSTEM32\WINHTTP.dll
0x00007ff972bf0000 - 0x00007ff972c5a000 	C:\Windows\system32\mswsock.dll
0x00007ff95bd00000 - 0x00007ff95bd15000 	C:\Users\hasee\.vscode\extensions\redhat.java-1.19.0-win32-x64\jre\17.0.7-win32-x86_64\bin\nio.dll
0x00007ff972df0000 - 0x00007ff972e08000 	C:\Windows\SYSTEM32\CRYPTSP.dll
0x00007ff9724a0000 - 0x00007ff9724d4000 	C:\Windows\system32\rsaenh.dll
0x00007ff9735e0000 - 0x00007ff973607000 	C:\Windows\System32\bcrypt.dll
0x00007ff973330000 - 0x00007ff97335e000 	C:\Windows\SYSTEM32\USERENV.dll
0x00007ff972de0000 - 0x00007ff972dec000 	C:\Windows\SYSTEM32\CRYPTBASE.dll
0x00007ff972890000 - 0x00007ff9728cc000 	C:\Windows\SYSTEM32\IPHLPAPI.DLL
0x00007ff974370000 - 0x00007ff974378000 	C:\Windows\System32\NSI.dll
0x00007ff95f900000 - 0x00007ff95f917000 	C:\Windows\SYSTEM32\dhcpcsvc6.DLL
0x00007ff965410000 - 0x00007ff96542d000 	C:\Windows\SYSTEM32\dhcpcsvc.DLL
0x00007ff9728e0000 - 0x00007ff9729ab000 	C:\Windows\SYSTEM32\DNSAPI.dll
0x00007ff967ea0000 - 0x00007ff967ea9000 	C:\Users\hasee\.vscode\extensions\redhat.java-1.19.0-win32-x64\jre\17.0.7-win32-x86_64\bin\management.dll
0x00007ff966810000 - 0x00007ff96681b000 	C:\Users\hasee\.vscode\extensions\redhat.java-1.19.0-win32-x64\jre\17.0.7-win32-x86_64\bin\management_ext.dll
0x00007ff974420000 - 0x00007ff974428000 	C:\Windows\System32\PSAPI.DLL
0x00007ff95be70000 - 0x00007ff95be80000 	c:\Users\hasee\.vscode\extensions\redhat.java-1.19.0-win32-x64\jre\17.0.7-win32-x86_64\bin\verify.dll
0x00007ff966820000 - 0x00007ff96682e000 	C:\Users\hasee\.vscode\extensions\redhat.java-1.19.0-win32-x64\jre\17.0.7-win32-x86_64\bin\sunmscapi.dll
0x00007ff9736b0000 - 0x00007ff97380e000 	C:\Windows\System32\CRYPT32.dll
0x00007ff972f00000 - 0x00007ff972f28000 	C:\Windows\SYSTEM32\ncrypt.dll
0x00007ff972ec0000 - 0x00007ff972efb000 	C:\Windows\SYSTEM32\NTASN1.dll
0x00007ff95dee0000 - 0x00007ff95deea000 	C:\Windows\System32\rasadhlp.dll
0x00007ff95e000000 - 0x00007ff95e082000 	C:\Windows\System32\fwpuclnt.dll
0x000000006c500000 - 0x000000006c5c7000 	C:\Users\hasee\AppData\Local\Temp\snappy-1.1.8-dbdbf1c5-c497-42d9-96bf-29d3e5a31dbb-snappyjava.dll

dbghelp: loaded successfully - version: 4.0.5 - missing functions: none
symbol engine: initialized successfully - sym options: 0x614 - pdb path: .;c:\Users\hasee\.vscode\extensions\redhat.java-1.19.0-win32-x64\jre\17.0.7-win32-x86_64\bin;C:\Windows\SYSTEM32;C:\Windows\WinSxS\amd64_microsoft.windows.common-controls_6595b64144ccf1df_6.0.19041.1110_none_60b5254171f9507e;c:\Users\hasee\.vscode\extensions\redhat.java-1.19.0-win32-x64\jre\17.0.7-win32-x86_64\bin\server;C:\Users\hasee\AppData\Local\Temp

VM Arguments:
jvm_args: -XX:+HeapDumpOnOutOfMemoryError -Xmx1024m -Dsts.lsp.client=vscode -Dsts.log.file=/dev/null -XX:TieredStopAtLevel=1 -Xlog:jni+resolve=off -Dspring.config.location=file:c:\Users\hasee\.vscode\extensions\vmware.vscode-spring-boot-1.46.0\language-server\BOOT-INF\classes\application.properties 
java_command: org.springframework.ide.vscode.boot.app.BootLanguageServerBootApp
java_class_path (initial): c:\Users\hasee\.vscode\extensions\vmware.vscode-spring-boot-1.46.0\language-server\BOOT-INF\classes;c:\Users\hasee\.vscode\extensions\vmware.vscode-spring-boot-1.46.0\language-server\BOOT-INF\lib\annotations-24.0.1.jar;c:\Users\hasee\.vscode\extensions\vmware.vscode-spring-boot-1.46.0\language-server\BOOT-INF\lib\antlr-runtime-3.5.3.jar;c:\Users\hasee\.vscode\extensions\vmware.vscode-spring-boot-1.46.0\language-server\BOOT-INF\lib\antlr4-4.11.1.jar;c:\Users\hasee\.vscode\extensions\vmware.vscode-spring-boot-1.46.0\language-server\BOOT-INF\lib\antlr4-runtime-4.11.1.jar;c:\Users\hasee\.vscode\extensions\vmware.vscode-spring-boot-1.46.0\language-server\BOOT-INF\lib\asm-9.5.jar;c:\Users\hasee\.vscode\extensions\vmware.vscode-spring-boot-1.46.0\language-server\BOOT-INF\lib\asm-analysis-9.5.jar;c:\Users\hasee\.vscode\extensions\vmware.vscode-spring-boot-1.46.0\language-server\BOOT-INF\lib\asm-tree-9.5.jar;c:\Users\hasee\.vscode\extensions\vmware.vscode-spring-boot-1.46.0\language-server\BOOT-INF\lib\asm-util-9.5.jar;c:\Users\hasee\.vscode\extensions\vmware.vscode-spring-boot-1.46.0\language-server\BOOT-INF\lib\caffeine-3.1.2.jar;c:\Users\hasee\.vscode\extensions\vmware.vscode-spring-boot-1.46.0\language-server\BOOT-INF\lib\checker-qual-3.12.0.jar;c:\Users\hasee\.vscode\extensions\vmware.vscode-spring-boot-1.46.0\language-server\BOOT-INF\lib\classgraph-4.8.149.jar;c:\Users\hasee\.vscode\extensions\vmware.vscode-spring-boot-1.46.0\language-server\BOOT-INF\lib\commons-codec-1.15.jar;c:\Users\hasee\.vscode\extensions\vmware.vscode-spring-boot-1.46.0\language-server\BOOT-INF\lib\commons-compress-1.23.0.jar;c:\Users\hasee\.vscode\extensions\vmware.vscode-spring-boot-1.46.0\language-server\BOOT-INF\lib\commons-io-2.4.jar;c:\Users\hasee\.vscode\extensions\vmware.vscode-spring-boot-1.46.0\language-server\BOOT-INF\lib\commons-java-1.46.0-SNAPSHOT.jar;c:\Users\hasee\.vscode\extensions\vmware.vscode-spring-boot-1.46.0\language-server\BOOT-INF\lib\commons-
Launcher Type: SUN_STANDARD

[Global flags]
     intx CICompilerCount                          = 3                                         {product} {ergonomic}
     uint ConcGCThreads                            = 1                                         {product} {ergonomic}
     uint G1ConcRefinementThreads                  = 4                                         {product} {ergonomic}
   size_t G1HeapRegionSize                         = 1048576                                   {product} {ergonomic}
    uintx GCDrainStackTargetSize                   = 64                                        {product} {ergonomic}
     bool HeapDumpOnOutOfMemoryError               = true                                   {manageable} {command line}
   size_t InitialHeapSize                          = 266338304                                 {product} {ergonomic}
   size_t MarkStackSize                            = 4194304                                   {product} {ergonomic}
   size_t MaxHeapSize                              = 1073741824                                {product} {command line}
   size_t MaxNewSize                               = 643825664                                 {product} {ergonomic}
   size_t MinHeapDeltaBytes                        = 1048576                                   {product} {ergonomic}
   size_t MinHeapSize                              = 8388608                                   {product} {ergonomic}
    uintx NonProfiledCodeHeapSize                  = 0                                      {pd product} {ergonomic}
     bool ProfileInterpreter                       = false                                  {pd product} {command line}
    uintx ProfiledCodeHeapSize                     = 0                                      {pd product} {ergonomic}
   size_t SoftMaxHeapSize                          = 1073741824                             {manageable} {ergonomic}
     intx TieredStopAtLevel                        = 1                                         {product} {command line}
     bool UseCompressedClassPointers               = true                           {product lp64_product} {ergonomic}
     bool UseCompressedOops                        = true                           {product lp64_product} {ergonomic}
     bool UseG1GC                                  = true                                      {product} {ergonomic}
     bool UseLargePagesIndividualAllocation        = false                                  {pd product} {ergonomic}

Logging:
Log output configuration:
 #0: stdout all=warning,jni+resolve=off uptime,level,tags
 #1: stderr all=off uptime,level,tags

Environment Variables:
JAVA_HOME=C:\Program Files\Java\jdk-17.0.5
PATH=C:\Program Files\Common Files\Oracle\Java\javapath;C:\Windows\system32;C:\Windows;C:\Windows\System32\Wbem;C:\Windows\System32\WindowsPowerShell\v1.0\;C:\Windows\System32\OpenSSH\;C:\Program Files (x86)\Intel\Intel(R) Management Engine Components\DAL;C:\Program Files\Intel\Intel(R) Management Engine Components\DAL;C:\Program Files\Java\jdk-17.0.5\bin;C:\Program Files\nodejs\;C:\ProgramData\chocolatey\bin;C:\Program Files\Git\cmd;C:\xampp\php;C:\ProgramData\ComposerSetup\bin;C:\Windows\System32\wbem;C:\Program Files\Maven\bin;C:\Program Files\PuTTY\;C:\Program Files\Flutter\flutter_windows_3.7.1-stable\flutter\bin;C:\Users\hasee\AppData\Local\Microsoft\WindowsApps;C:\Program Files\JetBrains\PhpStorm 2022.2.1\bin;;C:\Program Files\JetBrains\IntelliJ IDEA 2022.2.1\bin;;C:\Users\hasee\AppData\Roaming\npm;C:\Users\hasee\AppData\Roaming\Composer\vendor\bin;C:\Program Files\OpenSSL-Win64\bin;C:\tools\dart-sdk\bin;C:\Users\hasee\AppData\Roaming\Pub\Cache\bin;C:\Users\hasee\AppData\Local\Programs\Microsoft VS Code\bin;C:\Users\hasee\AppData\Local\GitHubDesktop\bin
USERNAME=hasee
OS=Windows_NT
PROCESSOR_IDENTIFIER=Intel64 Family 6 Model 142 Stepping 9, GenuineIntel
TMP=C:\Users\hasee\AppData\Local\Temp
TEMP=C:\Users\hasee\AppData\Local\Temp



---------------  S Y S T E M  ---------------

OS:
 Windows 10 , 64 bit Build 19041 (10.0.19041.2913)
OS uptime: 13 days 20:08 hours

CPU: total 4 (initial active 4) (2 cores per cpu, 2 threads per core) family 6 model 142 stepping 9 microcode 0xf2, cx8, cmov, fxsr, ht, mmx, 3dnowpref, sse, sse2, sse3, ssse3, sse4.1, sse4.2, popcnt, lzcnt, tsc, tscinvbit, avx, avx2, aes, erms, clmul, bmi1, bmi2, rtm, adx, fma, vzeroupper, clflush, clflushopt

Memory: 4k page, system-wide physical 16223M (4493M free)
TotalPageFile size 20326M (AvailPageFile size 4M)
current process WorkingSet (physical memory assigned to process): 155M, peak: 929M
current process commit charge ("private bytes"): 347M, peak: 889M

vm_info: OpenJDK 64-Bit Server VM (17.0.7+7) for windows-amd64 JRE (17.0.7+7), built on Apr 18 2023 22:10:42 by "temurin" with MS VC++ 16.7 (VS2019)

END.
